<?xml version="1.0" encoding="UTF-8"?>
<testng-results skipped="0" failed="0" ignored="0" total="1" passed="1">
  <reporter-output>
  </reporter-output>
  <suite name="Default suite" duration-ms="27959" started-at="2019-07-28T09:43:18Z" finished-at="2019-07-28T09:43:46Z">
    <groups>
    </groups>
    <test name="Default test" duration-ms="27959" started-at="2019-07-28T09:43:18Z" finished-at="2019-07-28T09:43:46Z">
      <class name="com.selpract.basic.UploadFileUsingRobot">
        <test-method status="PASS" signature="fileUpload()[pri:0, instance:com.selpract.basic.UploadFileUsingRobot@28feb3fa]" name="fileUpload" duration-ms="27938" started-at="2019-07-28T15:13:18Z" finished-at="2019-07-28T15:13:46Z">
          <reporter-output>
          </reporter-output>
        </test-method> <!-- fileUpload -->
      </class> <!-- com.selpract.basic.UploadFileUsingRobot -->
    </test> <!-- Default test -->
  </suite> <!-- Default suite -->
</testng-results>
